<?xml version="1.0" encoding="UTF-8"?>
<!-- Generated by org.testng.reporters.JUnitReportReporter -->
<testsuite hostname="Prajaktas-MacBook-Pro.local" name="com.ibm.testScripts.FDTest" tests="1" failures="0" timestamp="15 May 2021 09:02:37 GMT" time="16.061" errors="0">
  <testcase name="calculateFDTest" time="16.061" classname="com.ibm.testScripts.FDTest"/>
</testsuite> <!-- com.ibm.testScripts.FDTest -->
