<?xml version="1.0" encoding="UTF-8"?>
<!-- Generated by org.testng.reporters.JUnitReportReporter -->
<testsuite hostname="Prajaktas-MacBook-Pro.local" name="com.ibm.testScripts.CurrencyConvertorTest" tests="1" failures="0" timestamp="15 May 2021 10:56:05 GMT" time="280.148" errors="0">
  <testcase name="captureScreenShot" time="280.148" classname="com.ibm.testScripts.CurrencyConvertorTest"/>
</testsuite> <!-- com.ibm.testScripts.CurrencyConvertorTest -->
