<?xml version="1.0" encoding="UTF-8"?>
<!-- Generated by org.testng.reporters.JUnitReportReporter -->
<testsuite hostname="Prajaktas-MacBook-Pro.local" name="com.ibm.testScripts.TopGainerTest" tests="1" failures="0" timestamp="9 May 2021 10:06:26 GMT" time="20.551" errors="0">
  <testcase name="listCreateTest" time="20.551" classname="com.ibm.testScripts.TopGainerTest"/>
</testsuite> <!-- com.ibm.testScripts.TopGainerTest -->
