<?xml version="1.0" encoding="UTF-8"?>
<!-- Generated by org.testng.reporters.JUnitReportReporter -->
<testsuite hostname="Prajaktas-MacBook-Pro.local" name="com.ibm.testScripts.MutualFundTest" tests="1" failures="0" timestamp="10 May 2021 17:36:52 GMT" time="47.735" errors="0">
  <testcase name="checkForData" time="47.735" classname="com.ibm.testScripts.MutualFundTest"/>
</testsuite> <!-- com.ibm.testScripts.MutualFundTest -->
